node.exe : warn The 
configuration property 
`package.json#prisma` 
is deprecated and will 
be removed in Prisma 
7. Please migrate to a 
Prisma config file 
(e.g., 
`prisma.config.ts`).
At line:1 char:1
+ & "C:\Program 
Files\nodejs/node.exe" 
"C:\Program 
Files\nodejs/node_mo 
...
+ ~~~~~~~~~~~~~~~~~~~~~
~~~~~~~~~~~~~~~~~~~~~~~
~~~~~~~~~~~~~~~~~~~~~~~
~~
    + CategoryInfo     
         : NotSpecifi  
  ed: (warn The conf   
 ig...ma.config.ts`    
).:String) [], Rem    
oteException
    + FullyQualifiedEr 
   rorId : NativeComm  
  andError
 
For more information, 
see: https://pris.ly/pr
isma-config

Environment variables 
loaded from .env
Prisma schema loaded from prisma\schema.prisma
Error: 
EPERM: operation not 
permitted, rename 'D:\B
LOGGERPRO\node_modules\
.prisma\client\query_en
gine-windows.dll.node.t
mp9884' -> 'D:\BLOGGERP
RO\node_modules\.prisma
\client\query_engine-wi
ndows.dll.node'


